<?xml version="1.0" encoding="UTF-8"?>
<!-- Generated by org.testng.reporters.JUnitXMLReporter -->
<testsuite ignored="0" hostname="DESKTOP-7TFTKH4" failures="0" tests="5" name="Default test" time="18.801" errors="0" timestamp="2024-04-14T20:24:38 IST">
  <testcase classname="testNGPara.TestdatadrivenParamerter" name="login" time="0.31"/>
  <testcase classname="testNGPara.TestdatadrivenParamerter" name="login" time="0.344"/>
  <testcase classname="testNGPara.TestdatadrivenParamerter" name="login" time="0.271"/>
  <testcase classname="testNGPara.TestdatadrivenParamerter" name="login" time="0.284"/>
  <testcase classname="testNGPara.TestdatadrivenParamerter" name="login" time="0.276"/>
</testsuite> <!-- Default test -->
