<?xml version="1.0" encoding="UTF-8"?>
<testng-results ignored="0" total="5" passed="5" failed="0" skipped="0">
  <reporter-output>
  </reporter-output>
  <suite started-at="2024-04-14T20:24:19 IST" name="Default suite" finished-at="2024-04-14T20:24:38 IST" duration-ms="18801">
    <groups>
    </groups>
    <test started-at="2024-04-14T20:24:19 IST" name="Default test" finished-at="2024-04-14T20:24:38 IST" duration-ms="18801">
      <class name="testNGPara.TestdatadrivenParamerter">
        <test-method is-config="true" signature="beforeMethod()[pri:0, instance:testNGPara.TestdatadrivenParamerter@5c33f1a9]" started-at="2024-04-14T20:24:19 IST" name="beforeMethod" finished-at="2024-04-14T20:24:24 IST" duration-ms="4719" status="PASS">
          <reporter-output>
          </reporter-output>
        </test-method> <!-- beforeMethod -->
        <test-method signature="login(java.lang.String,java.lang.String)[pri:0, instance:testNGPara.TestdatadrivenParamerter@5c33f1a9]" started-at="2024-04-14T20:24:24 IST" name="login" data-provider="authencation" finished-at="2024-04-14T20:24:24 IST" duration-ms="310" status="PASS">
          <params>
            <param index="0">
              <value>
                <![CDATA[jeetesh]]>
              </value>
            </param>
            <param index="1">
              <value>
                <![CDATA[123@]]>
              </value>
            </param>
          </params>
          <reporter-output>
          </reporter-output>
        </test-method> <!-- login -->
        <test-method is-config="true" signature="afterMethod()[pri:0, instance:testNGPara.TestdatadrivenParamerter@5c33f1a9]" started-at="2024-04-14T20:24:24 IST" name="afterMethod" finished-at="2024-04-14T20:24:25 IST" duration-ms="328" status="PASS">
          <reporter-output>
          </reporter-output>
        </test-method> <!-- afterMethod -->
        <test-method is-config="true" signature="beforeMethod()[pri:0, instance:testNGPara.TestdatadrivenParamerter@5c33f1a9]" started-at="2024-04-14T20:24:25 IST" name="beforeMethod" finished-at="2024-04-14T20:24:27 IST" duration-ms="2721" status="PASS">
          <reporter-output>
          </reporter-output>
        </test-method> <!-- beforeMethod -->
        <test-method signature="login(java.lang.String,java.lang.String)[pri:0, instance:testNGPara.TestdatadrivenParamerter@5c33f1a9]" started-at="2024-04-14T20:24:27 IST" name="login" data-provider="authencation" finished-at="2024-04-14T20:24:28 IST" duration-ms="344" status="PASS">
          <params>
            <param index="0">
              <value>
                <![CDATA[samay]]>
              </value>
            </param>
            <param index="1">
              <value>
                <![CDATA[bab@]]>
              </value>
            </param>
          </params>
          <reporter-output>
          </reporter-output>
        </test-method> <!-- login -->
        <test-method is-config="true" signature="afterMethod()[pri:0, instance:testNGPara.TestdatadrivenParamerter@5c33f1a9]" started-at="2024-04-14T20:24:28 IST" name="afterMethod" finished-at="2024-04-14T20:24:28 IST" duration-ms="255" status="PASS">
          <reporter-output>
          </reporter-output>
        </test-method> <!-- afterMethod -->
        <test-method is-config="true" signature="beforeMethod()[pri:0, instance:testNGPara.TestdatadrivenParamerter@5c33f1a9]" started-at="2024-04-14T20:24:28 IST" name="beforeMethod" finished-at="2024-04-14T20:24:31 IST" duration-ms="2876" status="PASS">
          <reporter-output>
          </reporter-output>
        </test-method> <!-- beforeMethod -->
        <test-method signature="login(java.lang.String,java.lang.String)[pri:0, instance:testNGPara.TestdatadrivenParamerter@5c33f1a9]" started-at="2024-04-14T20:24:31 IST" name="login" data-provider="authencation" finished-at="2024-04-14T20:24:31 IST" duration-ms="271" status="PASS">
          <params>
            <param index="0">
              <value>
                <![CDATA[aditi]]>
              </value>
            </param>
            <param index="1">
              <value>
                <![CDATA[@123]]>
              </value>
            </param>
          </params>
          <reporter-output>
          </reporter-output>
        </test-method> <!-- login -->
        <test-method is-config="true" signature="afterMethod()[pri:0, instance:testNGPara.TestdatadrivenParamerter@5c33f1a9]" started-at="2024-04-14T20:24:31 IST" name="afterMethod" finished-at="2024-04-14T20:24:31 IST" duration-ms="250" status="PASS">
          <reporter-output>
          </reporter-output>
        </test-method> <!-- afterMethod -->
        <test-method is-config="true" signature="beforeMethod()[pri:0, instance:testNGPara.TestdatadrivenParamerter@5c33f1a9]" started-at="2024-04-14T20:24:31 IST" name="beforeMethod" finished-at="2024-04-14T20:24:34 IST" duration-ms="2878" status="PASS">
          <reporter-output>
          </reporter-output>
        </test-method> <!-- beforeMethod -->
        <test-method signature="login(java.lang.String,java.lang.String)[pri:0, instance:testNGPara.TestdatadrivenParamerter@5c33f1a9]" started-at="2024-04-14T20:24:34 IST" name="login" data-provider="authencation" finished-at="2024-04-14T20:24:34 IST" duration-ms="284" status="PASS">
          <params>
            <param index="0">
              <value>
                <![CDATA[sagar]]>
              </value>
            </param>
            <param index="1">
              <value>
                <![CDATA[bab123]]>
              </value>
            </param>
          </params>
          <reporter-output>
          </reporter-output>
        </test-method> <!-- login -->
        <test-method is-config="true" signature="afterMethod()[pri:0, instance:testNGPara.TestdatadrivenParamerter@5c33f1a9]" started-at="2024-04-14T20:24:34 IST" name="afterMethod" finished-at="2024-04-14T20:24:35 IST" duration-ms="241" status="PASS">
          <reporter-output>
          </reporter-output>
        </test-method> <!-- afterMethod -->
        <test-method is-config="true" signature="beforeMethod()[pri:0, instance:testNGPara.TestdatadrivenParamerter@5c33f1a9]" started-at="2024-04-14T20:24:35 IST" name="beforeMethod" finished-at="2024-04-14T20:24:37 IST" duration-ms="2721" status="PASS">
          <reporter-output>
          </reporter-output>
        </test-method> <!-- beforeMethod -->
        <test-method signature="login(java.lang.String,java.lang.String)[pri:0, instance:testNGPara.TestdatadrivenParamerter@5c33f1a9]" started-at="2024-04-14T20:24:37 IST" name="login" data-provider="authencation" finished-at="2024-04-14T20:24:38 IST" duration-ms="276" status="PASS">
          <params>
            <param index="0">
              <value>
                <![CDATA[vikrant]]>
              </value>
            </param>
            <param index="1">
              <value>
                <![CDATA[bab#]]>
              </value>
            </param>
          </params>
          <reporter-output>
          </reporter-output>
        </test-method> <!-- login -->
        <test-method is-config="true" signature="afterMethod()[pri:0, instance:testNGPara.TestdatadrivenParamerter@5c33f1a9]" started-at="2024-04-14T20:24:38 IST" name="afterMethod" finished-at="2024-04-14T20:24:38 IST" duration-ms="248" status="PASS">
          <reporter-output>
          </reporter-output>
        </test-method> <!-- afterMethod -->
      </class> <!-- testNGPara.TestdatadrivenParamerter -->
    </test> <!-- Default test -->
  </suite> <!-- Default suite -->
</testng-results>
